<?xml version="1.0" encoding="UTF-8"?>
<testsuite name="com.ahmetov.conference.ConferenceApplicationTests" tests="1" skipped="0" failures="0" errors="0" timestamp="2019-04-28T16:26:40" hostname="home" time="0.558">
  <properties/>
  <testcase name="contextLoads" classname="com.ahmetov.conference.ConferenceApplicationTests" time="0.558"/>
  <system-out><![CDATA[20:26:30.465 [Test worker] DEBUG org.springframework.test.context.junit4.SpringJUnit4ClassRunner - SpringJUnit4ClassRunner constructor called with [class com.ahmetov.conference.ConferenceApplicationTests]
20:26:30.481 [Test worker] DEBUG org.springframework.test.context.BootstrapUtils - Instantiating CacheAwareContextLoaderDelegate from class [org.springframework.test.context.cache.DefaultCacheAwareContextLoaderDelegate]
20:26:30.496 [Test worker] DEBUG org.springframework.test.context.BootstrapUtils - Instantiating BootstrapContext using constructor [public org.springframework.test.context.support.DefaultBootstrapContext(java.lang.Class,org.springframework.test.context.CacheAwareContextLoaderDelegate)]
20:26:30.528 [Test worker] DEBUG org.springframework.test.context.BootstrapUtils - Instantiating TestContextBootstrapper for test class [com.ahmetov.conference.ConferenceApplicationTests] from class [org.springframework.boot.test.context.SpringBootTestContextBootstrapper]
20:26:30.559 [Test worker] INFO org.springframework.boot.test.context.SpringBootTestContextBootstrapper - Neither @ContextConfiguration nor @ContextHierarchy found for test class [com.ahmetov.conference.ConferenceApplicationTests], using SpringBootContextLoader
20:26:30.559 [Test worker] DEBUG org.springframework.test.context.support.AbstractContextLoader - Did not detect default resource location for test class [com.ahmetov.conference.ConferenceApplicationTests]: class path resource [com/ahmetov/conference/ConferenceApplicationTests-context.xml] does not exist
20:26:30.559 [Test worker] DEBUG org.springframework.test.context.support.AbstractContextLoader - Did not detect default resource location for test class [com.ahmetov.conference.ConferenceApplicationTests]: class path resource [com/ahmetov/conference/ConferenceApplicationTestsContext.groovy] does not exist
20:26:30.574 [Test worker] INFO org.springframework.test.context.support.AbstractContextLoader - Could not detect default resource locations for test class [com.ahmetov.conference.ConferenceApplicationTests]: no resource found for suffixes {-context.xml, Context.groovy}.
20:26:30.574 [Test worker] INFO org.springframework.test.context.support.AnnotationConfigContextLoaderUtils - Could not detect default configuration classes for test class [com.ahmetov.conference.ConferenceApplicationTests]: ConferenceApplicationTests does not declare any static, non-private, non-final, nested classes annotated with @Configuration.
20:26:30.668 [Test worker] DEBUG org.springframework.test.context.support.ActiveProfilesUtils - Could not find an 'annotation declaring class' for annotation type [org.springframework.test.context.ActiveProfiles] and class [com.ahmetov.conference.ConferenceApplicationTests]
20:26:30.871 [Test worker] DEBUG org.springframework.context.annotation.ClassPathScanningCandidateComponentProvider - Identified candidate component class: file [C:\Users\Admin\Desktop\WaveAccess\conference\build\classes\java\main\com\ahmetov\conference\ConferenceApplication.class]
20:26:30.903 [Test worker] INFO org.springframework.boot.test.context.SpringBootTestContextBootstrapper - Found @SpringBootConfiguration com.ahmetov.conference.ConferenceApplication for test class com.ahmetov.conference.ConferenceApplicationTests
20:26:31.092 [Test worker] DEBUG org.springframework.boot.test.context.SpringBootTestContextBootstrapper - @TestExecutionListeners is not present for class [com.ahmetov.conference.ConferenceApplicationTests]: using defaults.
20:26:31.092 [Test worker] INFO org.springframework.boot.test.context.SpringBootTestContextBootstrapper - Loaded default TestExecutionListener class names from location [META-INF/spring.factories]: [org.springframework.boot.test.autoconfigure.restdocs.RestDocsTestExecutionListener, org.springframework.boot.test.autoconfigure.web.client.MockRestServiceServerResetTestExecutionListener, org.springframework.boot.test.autoconfigure.web.servlet.MockMvcPrintOnlyOnFailureTestExecutionListener, org.springframework.boot.test.autoconfigure.web.servlet.WebDriverTestExecutionListener, org.springframework.boot.test.mock.mockito.MockitoTestExecutionListener, org.springframework.boot.test.mock.mockito.ResetMocksTestExecutionListener, org.springframework.test.context.web.ServletTestExecutionListener, org.springframework.test.context.support.DirtiesContextBeforeModesTestExecutionListener, org.springframework.test.context.support.DependencyInjectionTestExecutionListener, org.springframework.test.context.support.DirtiesContextTestExecutionListener, org.springframework.test.context.transaction.TransactionalTestExecutionListener, org.springframework.test.context.jdbc.SqlScriptsTestExecutionListener]
20:26:31.139 [Test worker] INFO org.springframework.boot.test.context.SpringBootTestContextBootstrapper - Using TestExecutionListeners: [org.springframework.test.context.web.ServletTestExecutionListener@2761605, org.springframework.test.context.support.DirtiesContextBeforeModesTestExecutionListener@24b8b8b1, org.springframework.boot.test.mock.mockito.MockitoTestExecutionListener@68819633, org.springframework.boot.test.autoconfigure.SpringBootDependencyInjectionTestExecutionListener@2f598ced, org.springframework.test.context.support.DirtiesContextTestExecutionListener@1d2d613d, org.springframework.test.context.transaction.TransactionalTestExecutionListener@7cb12f19, org.springframework.test.context.jdbc.SqlScriptsTestExecutionListener@18e50eb2, org.springframework.boot.test.autoconfigure.restdocs.RestDocsTestExecutionListener@7bb8c7a7, org.springframework.boot.test.autoconfigure.web.client.MockRestServiceServerResetTestExecutionListener@dea7564, org.springframework.boot.test.autoconfigure.web.servlet.MockMvcPrintOnlyOnFailureTestExecutionListener@78564a27, org.springframework.boot.test.autoconfigure.web.servlet.WebDriverTestExecutionListener@48765b01, org.springframework.boot.test.mock.mockito.ResetMocksTestExecutionListener@75ce2857]
20:26:31.139 [Test worker] DEBUG org.springframework.test.annotation.ProfileValueUtils - Retrieved @ProfileValueSourceConfiguration [null] for test class [com.ahmetov.conference.ConferenceApplicationTests]
20:26:31.139 [Test worker] DEBUG org.springframework.test.annotation.ProfileValueUtils - Retrieved ProfileValueSource type [class org.springframework.test.annotation.SystemProfileValueSource] for class [com.ahmetov.conference.ConferenceApplicationTests]
20:26:31.139 [Test worker] DEBUG org.springframework.test.annotation.ProfileValueUtils - Retrieved @ProfileValueSourceConfiguration [null] for test class [com.ahmetov.conference.ConferenceApplicationTests]
20:26:31.139 [Test worker] DEBUG org.springframework.test.annotation.ProfileValueUtils - Retrieved ProfileValueSource type [class org.springframework.test.annotation.SystemProfileValueSource] for class [com.ahmetov.conference.ConferenceApplicationTests]
20:26:31.155 [Test worker] DEBUG org.springframework.test.context.support.AbstractDirtiesContextTestExecutionListener - Before test class: context [DefaultTestContext@54113954 testClass = ConferenceApplicationTests, testInstance = [null], testMethod = [null], testException = [null], mergedContextConfiguration = [WebMergedContextConfiguration@912323a testClass = ConferenceApplicationTests, locations = '{}', classes = '{class com.ahmetov.conference.ConferenceApplication}', contextInitializerClasses = '[]', activeProfiles = '{}', propertySourceLocations = '{}', propertySourceProperties = '{org.springframework.boot.test.context.SpringBootTestContextBootstrapper=true}', contextCustomizers = set[org.springframework.boot.test.autoconfigure.properties.PropertyMappingContextCustomizer@0, org.springframework.boot.test.autoconfigure.web.servlet.WebDriverContextCustomizerFactory$Customizer@3225cf8e, org.springframework.boot.test.context.filter.ExcludeFilterContextCustomizer@7bf81731, org.springframework.boot.test.json.DuplicateJsonObjectContextCustomizerFactory$DuplicateJsonObjectContextCustomizer@47a6b7b9, org.springframework.boot.test.mock.mockito.MockitoContextCustomizer@0, org.springframework.boot.test.web.client.TestRestTemplateContextCustomizer@112e2b49], resourceBasePath = 'src/main/webapp', contextLoader = 'org.springframework.boot.test.context.SpringBootContextLoader', parent = [null]], attributes = map['org.springframework.test.context.web.ServletTestExecutionListener.activateListener' -> true]], class annotated with @DirtiesContext [false] with mode [null].
20:26:31.155 [Test worker] DEBUG org.springframework.test.annotation.ProfileValueUtils - Retrieved @ProfileValueSourceConfiguration [null] for test class [com.ahmetov.conference.ConferenceApplicationTests]
20:26:31.155 [Test worker] DEBUG org.springframework.test.annotation.ProfileValueUtils - Retrieved ProfileValueSource type [class org.springframework.test.annotation.SystemProfileValueSource] for class [com.ahmetov.conference.ConferenceApplicationTests]
20:26:31.186 [Test worker] DEBUG org.springframework.test.context.support.TestPropertySourceUtils - Adding inlined properties to environment: {spring.jmx.enabled=false, org.springframework.boot.test.context.SpringBootTestContextBootstrapper=true, server.port=-1}

  .   ____          _            __ _ _
 /\\ / ___'_ __ _ _(_)_ __  __ _ \ \ \ \
( ( )\___ | '_ | '_| | '_ \/ _` | \ \ \ \
 \\/  ___)| |_)| | | | | || (_| |  ) ) ) )
  '  |____| .__|_| |_|_| |_\__, | / / / /
 =========|_|==============|___/=/_/_/_/
 :: Spring Boot ::        (v2.1.4.RELEASE)

2019-04-28 20:26:31.905  INFO 11524 --- [    Test worker] c.a.c.ConferenceApplicationTests         : Starting ConferenceApplicationTests on home with PID 11524 (started by Admin in C:\Users\Admin\Desktop\WaveAccess\conference)
2019-04-28 20:26:31.905  INFO 11524 --- [    Test worker] c.a.c.ConferenceApplicationTests         : No active profile set, falling back to default profiles: default
2019-04-28 20:26:34.343  INFO 11524 --- [    Test worker] .s.d.r.c.RepositoryConfigurationDelegate : Bootstrapping Spring Data repositories in DEFAULT mode.
2019-04-28 20:26:34.421  INFO 11524 --- [    Test worker] .s.d.r.c.RepositoryConfigurationDelegate : Finished Spring Data repository scanning in 47ms. Found 0 repository interfaces.
2019-04-28 20:26:35.419  INFO 11524 --- [    Test worker] trationDelegate$BeanPostProcessorChecker : Bean 'org.springframework.transaction.annotation.ProxyTransactionManagementConfiguration' of type [org.springframework.transaction.annotation.ProxyTransactionManagementConfiguration$$EnhancerBySpringCGLIB$$adce70dd] is not eligible for getting processed by all BeanPostProcessors (for example: not eligible for auto-proxying)
2019-04-28 20:26:35.482  INFO 11524 --- [    Test worker] trationDelegate$BeanPostProcessorChecker : Bean 'org.springframework.hateoas.config.HateoasConfiguration' of type [org.springframework.hateoas.config.HateoasConfiguration$$EnhancerBySpringCGLIB$$2d4ebe0f] is not eligible for getting processed by all BeanPostProcessors (for example: not eligible for auto-proxying)
2019-04-28 20:26:35.904  INFO 11524 --- [    Test worker] com.zaxxer.hikari.HikariDataSource       : HikariPool-1 - Starting...
2019-04-28 20:26:36.171  INFO 11524 --- [    Test worker] com.zaxxer.hikari.HikariDataSource       : HikariPool-1 - Start completed.
2019-04-28 20:26:36.374  INFO 11524 --- [    Test worker] o.hibernate.jpa.internal.util.LogHelper  : HHH000204: Processing PersistenceUnitInfo [
	name: default
	...]
2019-04-28 20:26:36.514  INFO 11524 --- [    Test worker] org.hibernate.Version                    : HHH000412: Hibernate Core {5.3.9.Final}
2019-04-28 20:26:36.514  INFO 11524 --- [    Test worker] org.hibernate.cfg.Environment            : HHH000206: hibernate.properties not found
2019-04-28 20:26:36.827  INFO 11524 --- [    Test worker] o.hibernate.annotations.common.Version   : HCANN000001: Hibernate Commons Annotations {5.0.4.Final}
2019-04-28 20:26:37.117  INFO 11524 --- [    Test worker] org.hibernate.dialect.Dialect            : HHH000400: Using dialect: org.hibernate.dialect.H2Dialect
2019-04-28 20:26:37.711  INFO 11524 --- [    Test worker] j.LocalContainerEntityManagerFactoryBean : Initialized JPA EntityManagerFactory for persistence unit 'default'
2019-04-28 20:26:39.642  INFO 11524 --- [    Test worker] o.s.s.concurrent.ThreadPoolTaskExecutor  : Initializing ExecutorService 'applicationTaskExecutor'
2019-04-28 20:26:39.751  WARN 11524 --- [    Test worker] aWebConfiguration$JpaWebMvcConfiguration : spring.jpa.open-in-view is enabled by default. Therefore, database queries may be performed during view rendering. Explicitly configure spring.jpa.open-in-view to disable this warning
2019-04-28 20:26:40.165  INFO 11524 --- [    Test worker] o.s.b.a.w.s.WelcomePageHandlerMapping    : Adding welcome page template: index
2019-04-28 20:26:40.805  INFO 11524 --- [    Test worker] c.a.c.ConferenceApplicationTests         : Started ConferenceApplicationTests in 9.603 seconds (JVM running for 12.035)
]]></system-out>
  <system-err><![CDATA[]]></system-err>
</testsuite>
